<?xml version="1.0" encoding="UTF-8"?>
<!-- Generated by org.testng.reporters.JUnitReportReporter -->
<testsuite hostname="CW230111" failures="0" tests="1" name="tests.LoginTest" time="3.987" errors="0" timestamp="2025-08-18T19:33:29 IST" skipped="0">
  <testcase classname="tests.LoginTest" name="testValidLogin" time="3.987"/>
</testsuite> <!-- tests.LoginTest -->
